<?xml version="1.0" encoding="UTF-8"?>
<!-- Generated by org.testng.reporters.JUnitReportReporter -->
<testsuite skipped="0" hostname="DESKTOP-D311M6D" name="links.ActiviaUs" tests="1" failures="0" timestamp="04 Apr 2017 17:03:05 GMT" time="51.768" errors="0">
  <testcase name="execute" time="51.768" classname="links.ActiviaUs"/>
</testsuite> <!-- links.ActiviaUs -->
