<?xml version="1.0" encoding="UTF-8"?>
<!-- Generated by org.testng.reporters.JUnitReportReporter -->
<testsuite skipped="0" hostname="DESKTOP-D311M6D" name="testng.Activia" tests="8" failures="0" timestamp="10 Apr 2017 04:08:48 GMT" time="49.171" errors="0">
  <testcase name="openingWebPage" time="12.039" classname="testng.Activia"/>
  <testcase name="itStartsInside" time="8.987" classname="testng.Activia"/>
  <testcase name="ActiviaProbioticChallenge" time="4.551" classname="testng.Activia"/>
  <testcase name="ProbioticYogurts" time="3.885" classname="testng.Activia"/>
  <testcase name="WhatAreProbiotics" time="3.829" classname="testng.Activia"/>
  <testcase name="HealthCareProfessionals" time="3.703" classname="testng.Activia"/>
  <testcase name="WheretoBuy" time="6.574" classname="testng.Activia"/>
  <testcase name="closingWindow" time="5.603" classname="testng.Activia"/>
</testsuite> <!-- testng.Activia -->
