<?xml version="1.0" encoding="UTF-8"?>
<!-- Generated by org.testng.reporters.JUnitReportReporter -->
<testsuite skipped="0" hostname="DESKTOP-D311M6D" name="testng.tests" tests="4" failures="0" timestamp="04 Apr 2017 17:14:45 GMT" time="0.023" errors="0">
  <testcase name="testFindOrder" time="0.014" classname="testng.tests"/>
  <testcase name="testMakeOrder" time="0.002" classname="testng.tests"/>
  <testcase name="testMakeEmptyOrder" time="0.002" classname="testng.tests"/>
  <testcase name="testUpdateOrder" time="0.005" classname="testng.tests"/>
</testsuite> <!-- testng.tests -->
