<?xml version="1.0" encoding="UTF-8"?>
<!-- Generated by org.testng.reporters.JUnitReportReporter -->
<testsuite skipped="0" hostname="DESKTOP-D311M6D" name="testng.firstprogram" tests="1" failures="0" timestamp="21 Mar 2017 19:43:11 GMT" time="0.007" errors="0">
  <testcase name="booking" time="0.007" classname="testng.firstprogram"/>
</testsuite> <!-- testng.firstprogram -->
